<?xml version="1.0" encoding="UTF-8"?>
<coverage generated="1692911046294" clover="3.2.0">
  <project timestamp="1692911046294" name="All files">
    <metrics statements="10" coveredstatements="10" conditionals="0" coveredconditionals="0" methods="2" coveredmethods="2" elements="12" coveredelements="12" complexity="0" loc="10" ncloc="10" packages="1" files="1" classes="1"/>
    <file name="index.js" path="/home/ine/Documents/Cursos/FullCycle/ci/desafio-fc-sonarcloud-node/src/index.js">
      <metrics statements="10" coveredstatements="10" conditionals="0" coveredconditionals="0" methods="2" coveredmethods="2"/>
      <line num="2" count="6" type="stmt"/>
      <line num="4" count="2" type="stmt"/>
      <line num="5" count="6" type="stmt"/>
      <line num="7" count="2" type="stmt"/>
      <line num="8" count="9" type="stmt"/>
      <line num="11" count="2" type="stmt"/>
      <line num="12" count="4" type="stmt"/>
      <line num="13" count="14" type="stmt"/>
      <line num="17" count="2" type="stmt"/>
      <line num="20" count="1" type="stmt"/>
    </file>
  </project>
</coverage>
