{"/home/ine/Documents/Cursos/FullCycle/ci/desafio-fc-sonarcloud-node/src/index.js": {"path":"/home/ine/Documents/Cursos/FullCycle/ci/desafio-fc-sonarcloud-node/src/index.js","statementMap":{"0":{"start":{"line":2,"column":15},"end":{"line":2,"column":64}},"1":{"start":{"line":2,"column":47},"end":{"line":2,"column":63}},"2":{"start":{"line":4,"column":4},"end":{"line":6,"column":5}},"3":{"start":{"line":4,"column":17},"end":{"line":4,"column":18}},"4":{"start":{"line":5,"column":8},"end":{"line":5,"column":21}},"5":{"start":{"line":7,"column":4},"end":{"line":9,"column":5}},"6":{"start":{"line":7,"column":17},"end":{"line":7,"column":18}},"7":{"start":{"line":8,"column":8},"end":{"line":8,"column":21}},"8":{"start":{"line":11,"column":4},"end":{"line":15,"column":5}},"9":{"start":{"line":11,"column":17},"end":{"line":11,"column":18}},"10":{"start":{"line":12,"column":8},"end":{"line":14,"column":9}},"11":{"start":{"line":12,"column":21},"end":{"line":12,"column":22}},"12":{"start":{"line":13,"column":12},"end":{"line":13,"column":51}},"13":{"start":{"line":17,"column":4},"end":{"line":17,"column":28}},"14":{"start":{"line":20,"column":2},"end":{"line":20,"column":31}}},"fnMap":{"0":{"name":"uniquePaths","decl":{"start":{"line":1,"column":9},"end":{"line":1,"column":20}},"loc":{"start":{"line":1,"column":27},"end":{"line":18,"column":1}},"line":1},"1":{"name":"(anonymous_1)","decl":{"start":{"line":2,"column":41},"end":{"line":2,"column":42}},"loc":{"start":{"line":2,"column":47},"end":{"line":2,"column":63}},"line":2}},"branchMap":{},"s":{"0":2,"1":6,"2":2,"3":2,"4":6,"5":2,"6":2,"7":9,"8":2,"9":2,"10":4,"11":4,"12":14,"13":2,"14":1},"f":{"0":2,"1":6},"b":{},"_coverageSchema":"1a1c01bbd47fc00a2c39e90264f33305004495a9","hash":"721967473f3a37f30e05fd4e40a707eedaa0b39c"}
}
